This is e-pTeX, Version 3.14159265-p3.8.1-180901-2.6 (utf8.euc) (TeX Live 2019/dev/Debian) (preloaded format=platex 2020.10.15)  15 DEC 2021 20:22
entering extended mode
 restricted \write18 enabled.
 %&-line parsing enabled.
**das2022FangzhengLI.tex
(./das2022FangzhengLI.tex
pLaTeX2e <2018-12-01> (based on LaTeX2e <2018-12-01>)
(/usr/share/texlive/texmf-dist/tex/platex/base/jarticle.cls
Document Class: jarticle 2018/10/25 v1.8a Standard pLaTeX class
\c@@paper=\count83
(/usr/share/texlive/texmf-dist/tex/platex/base/jsize10.clo
File: jsize10.clo 2018/10/25 v1.8a Standard pLaTeX file (size option)
)
\c@part=\count84
\c@section=\count85
\c@subsection=\count86
\c@subsubsection=\count87
\c@paragraph=\count88
\c@subparagraph=\count89
\c@figure=\count90
\c@table=\count91
\abovecaptionskip=\skip41
\belowcaptionskip=\skip42
\symmincho=\mathgroup4
LaTeX Font Info:    Overwriting symbol font `mincho' in version `bold'
(Font)                  JY1/mc/m/n --> JY1/gt/m/n on input line 614.
\toclineskip=\dimen118
\@lnumwidth=\dimen119
\bibindent=\dimen120
\heisei=\count92
)
(/usr/share/texlive/texmf-dist/tex/latex/graphics/graphicx.sty
Package: graphicx 2017/06/01 v1.1a Enhanced LaTeX Graphics (DPC,SPQR)

(/usr/share/texlive/texmf-dist/tex/latex/graphics/keyval.sty
Package: keyval 2014/10/28 v1.15 key=value parser (DPC)
\KV@toks@=\toks15
)
(/usr/share/texlive/texmf-dist/tex/latex/graphics/graphics.sty
Package: graphics 2017/06/25 v1.2c Standard LaTeX Graphics (DPC,SPQR)

(/usr/share/texlive/texmf-dist/tex/latex/graphics/trig.sty
Package: trig 2016/01/03 v1.10 sin cos tan (DPC)
)
(/usr/share/texlive/texmf-dist/tex/latex/graphics-cfg/graphics.cfg
File: graphics.cfg 2016/06/04 v1.11 sample graphics configuration
)
Package graphics Info: Driver file: dvips.def on input line 99.

(/usr/share/texlive/texmf-dist/tex/latex/graphics-def/dvips.def
File: dvips.def 2017/06/20 v3.1d Graphics/color driver for dvips
))
\Gin@req@height=\dimen121
\Gin@req@width=\dimen122
)
(/usr/share/texlive/texmf-dist/tex/latex/tools/bm.sty
Package: bm 2017/01/16 v1.2c Bold Symbol Support (DPC/FMi)
\symboldoperators=\mathgroup5
\symboldletters=\mathgroup6
\symboldsymbols=\mathgroup7
\symboldmincho=\mathgroup8
LaTeX Font Info:    Redeclaring math alphabet \mathbf on input line 141.
LaTeX Info: Redefining \bm on input line 207.
)
(/usr/share/texlive/texmf-dist/tex/latex/amsmath/amsmath.sty
Package: amsmath 2018/12/01 v2.17b AMS math features
\@mathmargin=\skip43

For additional information on amsmath, use the `?' option.
(/usr/share/texlive/texmf-dist/tex/latex/amsmath/amstext.sty
Package: amstext 2000/06/29 v2.01 AMS text

(/usr/share/texlive/texmf-dist/tex/latex/amsmath/amsgen.sty
File: amsgen.sty 1999/11/30 v2.0 generic functions
\@emptytoks=\toks16
\ex@=\dimen123
))
(/usr/share/texlive/texmf-dist/tex/latex/amsmath/amsbsy.sty
Package: amsbsy 1999/11/29 v1.2d Bold Symbols
LaTeX Info: Redefining \boldsymbol on input line 28.
\pmbraise@=\dimen124
)
(/usr/share/texlive/texmf-dist/tex/latex/amsmath/amsopn.sty
Package: amsopn 2016/03/08 v2.02 operator names
)
\inf@bad=\count93
LaTeX Info: Redefining \frac on input line 223.
\uproot@=\count94
\leftroot@=\count95
LaTeX Info: Redefining \overline on input line 385.
\classnum@=\count96
\DOTSCASE@=\count97
LaTeX Info: Redefining \ldots on input line 482.
LaTeX Info: Redefining \dots on input line 485.
LaTeX Info: Redefining \cdots on input line 606.
\Mathstrutbox@=\box43
\strutbox@=\box44
\big@size=\dimen125
LaTeX Font Info:    Redeclaring font encoding OML on input line 729.
LaTeX Font Info:    Redeclaring font encoding OMS on input line 730.
\macc@depth=\count98
\c@MaxMatrixCols=\count99
\dotsspace@=\muskip10
\c@parentequation=\count100
\dspbrk@lvl=\count101
\tag@help=\toks17
\row@=\count102
\column@=\count103
\maxfields@=\count104
\andhelp@=\toks18
\eqnshift@=\dimen126
\alignsep@=\dimen127
\tagshift@=\dimen128
\tagwidth@=\dimen129
\totwidth@=\dimen130
\lineht@=\dimen131
\@envbody=\toks19
\multlinegap=\skip44
\multlinetaggap=\skip45
\mathdisplay@stack=\toks20
LaTeX Info: Redefining \[ on input line 2844.
LaTeX Info: Redefining \] on input line 2845.
)
(/usr/share/texlive/texmf-dist/tex/latex/booktabs/booktabs.sty
Package: booktabs 2016/04/27 v1.618033 publication quality tables
\heavyrulewidth=\dimen132
\lightrulewidth=\dimen133
\cmidrulewidth=\dimen134
\belowrulesep=\dimen135
\belowbottomsep=\dimen136
\aboverulesep=\dimen137
\abovetopsep=\dimen138
\cmidrulesep=\dimen139
\cmidrulekern=\dimen140
\defaultaddspace=\dimen141
\@cmidla=\count105
\@cmidlb=\count106
\@aboverulesep=\dimen142
\@belowrulesep=\dimen143
\@thisruleclass=\count107
\@lastruleclass=\count108
\@thisrulewidth=\dimen144
) (./das2022.sty
自律分散シンポジウム原稿用スタイル2021
) (./das2022FangzhengLI.aux)
\openout1 = `das2022FangzhengLI.aux'.

LaTeX Font Info:    Checking defaults for OML/cmm/m/it on input line 12.
LaTeX Font Info:    ... okay on input line 12.
LaTeX Font Info:    Checking defaults for T1/cmr/m/n on input line 12.
LaTeX Font Info:    ... okay on input line 12.
LaTeX Font Info:    Checking defaults for OT1/cmr/m/n on input line 12.
LaTeX Font Info:    ... okay on input line 12.
LaTeX Font Info:    Checking defaults for OMS/cmsy/m/n on input line 12.
LaTeX Font Info:    ... okay on input line 12.
LaTeX Font Info:    Checking defaults for OMX/cmex/m/n on input line 12.
LaTeX Font Info:    ... okay on input line 12.
LaTeX Font Info:    Checking defaults for U/cmr/m/n on input line 12.
LaTeX Font Info:    ... okay on input line 12.
LaTeX Font Info:    Checking defaults for JY1/mc/m/n on input line 12.
LaTeX Font Info:    ... okay on input line 12.
LaTeX Font Info:    Checking defaults for JT1/mc/m/n on input line 12.
LaTeX Font Info:    ... okay on input line 12.
LaTeX Font Info:    Font shape `JT1/mc/bx/n' in size <14.4> not available
(Font)              Font shape `JT1/gt/m/n' tried instead on input line 47.
LaTeX Font Info:    Font shape `JY1/mc/bx/n' in size <14.4> not available
(Font)              Font shape `JY1/gt/m/n' tried instead on input line 47.
LaTeX Font Info:    Font shape `JT1/mc/bx/n' in size <9> not available
(Font)              Font shape `JT1/gt/m/n' tried instead on input line 47.
LaTeX Font Info:    Font shape `JY1/mc/bx/n' in size <9> not available
(Font)              Font shape `JY1/gt/m/n' tried instead on input line 47.
 (./abst4.tex) (./intro4a.tex) (./body4.tex
File: robot1.eps Graphic file (type eps)

<robot1.eps>)
LaTeX Font Info:    Font shape `JT1/mc/bx/n' in size <12> not available
(Font)              Font shape `JT1/gt/m/n' tried instead on input line 62.
LaTeX Font Info:    Font shape `JY1/mc/bx/n' in size <12> not available
(Font)              Font shape `JY1/gt/m/n' tried instead on input line 62.
 (./teacherData.tex [1


]
LaTeX Font Info:    Font shape `JT1/mc/bx/n' in size <10> not available
(Font)              Font shape `JT1/gt/m/n' tried instead on input line 26.
LaTeX Font Info:    Font shape `JY1/mc/bx/n' in size <10> not available
(Font)              Font shape `JY1/gt/m/n' tried instead on input line 26.
File: teacher_collection.eps Graphic file (type eps)
 <teacher_collection.eps>

LaTeX Warning: `h' float specifier changed to `ht'.

File: robot_eye.eps Graphic file (type eps)
<robot_eye.eps>

LaTeX Warning: `h' float specifier changed to `ht'.

) (./training.tex [2]
File: anti_left.eps Graphic file (type eps)
 <anti_left.eps>
File: anti_right.eps Graphic file (type eps)
 <anti_right.eps>
File: LeftOutput.eps Graphic file (type eps)
 <LeftOutput.eps>
File: rightOutput.eps Graphic file (type eps)

<rightOutput.eps>) (./smm.tex) (./exp4.tex
File: shitaR.eps Graphic file (type eps)
 <shitaR.eps>

LaTeX Warning: `h' float specifier changed to `ht'.

File: startrand.eps Graphic file (type eps)
<startrand.eps>
File: start_crowd.eps Graphic file (type eps)
 <start_crowd.eps>

LaTeX Warning: `h' float specifier changed to `ht'.

) (./two_teachData_result.tex [3]
File: NN_handle15.eps Graphic file (type eps)
 <NN_handle15.eps>
File: nnhandle15.eps Graphic file (type eps)
 <nnhandle15.eps>)
(./locusResult.tex
File: nn_shita_R_rand.eps Graphic file (type eps)
 <nn_shita_R_rand.eps>
File: smm_shita_R_rand270.eps Graphic file (type eps)
 <smm_shita_R_rand270.eps>
File: NN_exp.eps Graphic file (type eps)

<NN_exp.eps>
File: SMM270_exp.eps Graphic file (type eps)
 <SMM270_exp.eps>

LaTeX Warning: `h' float specifier changed to `ht'.

) (./CompareResult.tex [4]
File: result_diagrim_rand.eps Graphic file (type eps)
 <result_diagrim_rand.eps>
File: result_diagrim_crow.eps Graphic file (type eps)
 <result_diagrim_crow.eps>
File: mean_Q.eps Graphic file (type eps)

<mean_Q.eps>) (./dis.tex [5]) [6

] (./das2022FangzhengLI.aux) ) 
Here is how much of TeX's memory you used:
 1553 strings out of 494319
 18598 string characters out of 6171544
 94059 words of memory out of 5000000
 5396 multiletter control sequences out of 15000+600000
 18453 words of font info for 70 fonts, out of 8000000 for 9000
 264 hyphenation exceptions out of 8191
 27i,17n,21p,652b,334s stack positions out of 5000i,500n,10000p,200000b,80000s

Output written on das2022FangzhengLI.dvi (6 pages, 33856 bytes).
